<html>
<head>
<title>TestNG:  goToAmazonPage</title>
<link href="../testng.css" rel="stylesheet" type="text/css" />
<link href="../my-testng.css" rel="stylesheet" type="text/css" />

<style type="text/css">
.log { display: none;} 
.stack-trace { display: none;} 
</style>
<script type="text/javascript">
<!--
function flip(e) {
  current = e.style.display;
  if (current == 'block') {
    e.style.display = 'none';
    return 0;
  }
  else {
    e.style.display = 'block';
    return 1;
  }
}

function toggleBox(szDivId, elem, msg1, msg2)
{
  var res = -1;  if (document.getElementById) {
    res = flip(document.getElementById(szDivId));
  }
  else if (document.all) {
    // this is the way old msie versions work
    res = flip(document.all[szDivId]);
  }
  if(elem) {
    if(res == 0) elem.innerHTML = msg1; else elem.innerHTML = msg2;
  }

}

function toggleAllBoxes() {
  if (document.getElementsByTagName) {
    d = document.getElementsByTagName('div');
    for (i = 0; i < d.length; i++) {
      if (d[i].className == 'log') {
        flip(d[i]);
      }
    }
  }
}

// -->
</script>

</head>
<body>
<h2 align='center'>goToAmazonPage</h2><table border='1' align="center">
<tr>
<td>Tests passed/Failed/Skipped:</td><td>1/1/0</td>
</tr><tr>
<td>Started on:</td><td>Thu May 12 09:46:41 IST 2016</td>
</tr>
<tr><td>Total time:</td><td>21 seconds (21424 ms)</td>
</tr><tr>
<td>Included groups:</td><td></td>
</tr><tr>
<td>Excluded groups:</td><td></td>
</tr>
</table><p/>
<small><i>(Hover the method name to see the test class name)</i></small><p/>
<table width='100%' border='1' class='invocation-failed'>
<tr><td colspan='4' align='center'><b>FAILED TESTS</b></td></tr>
<tr><td><b>Test method</b></td>
<td width="30%"><b>Exception</b></td>
<td width="10%"><b>Time (seconds)</b></td>
<td><b>Instance</b></td>
</tr>
<tr>
<td title='Tests.AmazonOrderPlaceTest.test_AddMultipleItemsToCart()'><b>test_AddMultipleItemsToCart</b><br>Test class: Tests.AmazonOrderPlaceTest</td>
<td><div><pre>org.openqa.selenium.NoSuchWindowException: Window not found. The browser window may have been closed.
Command duration or timeout: 15 milliseconds
Build info: version: &apos;2.53.0&apos;, revision: &apos;35ae25b&apos;, time: &apos;2016-03-15 17:00:58&apos;
System info: host: &apos;PRINHYLTPAP0932.local&apos;, ip: &apos;172.16.53.197&apos;, os.name: &apos;Mac OS X&apos;, os.arch: &apos;x86_64&apos;, os.version: &apos;10.11.3&apos;, java.version: &apos;1.7.0_79&apos;
*** Element info: {Using=name, value=field-keywords}
Session ID: 6f708749-b9e3-f149-b10a-45237a4f5d5a
Driver info: org.openqa.selenium.firefox.FirefoxDriver
Capabilities [{platform=MAC, acceptSslCerts=true, javascriptEnabled=true, cssSelectorsEnabled=true, databaseEnabled=true, browserName=firefox, handlesAlerts=true, nativeEvents=false, webStorageEnabled=true, rotatable=false, locationContextEnabled=true, applicationCacheEnabled=true, takesScreenshot=true, version=44.0.2}]
	at org.openqa.selenium.remote.ErrorHandler.createThrowable(ErrorHandler.java:206)
	at org.openqa.selenium.remote.ErrorHandler.throwIfResponseFailed(ErrorHandler.java:158)
	at org.openqa.selenium.remote.RemoteWebDriver.execute(RemoteWebDriver.java:678)
	at org.openqa.selenium.remote.RemoteWebDriver.findElement(RemoteWebDriver.java:363)
	at org.openqa.selenium.remote.RemoteWebDriver.findElementByName(RemoteWebDriver.java:461)
	at org.openqa.selenium.By$ByName.findElement(By.java:303)
	at org.openqa.selenium.remote.RemoteWebDriver.findElement(RemoteWebDriver.java:355)
	at locators.AmazonOrderPlace.clearValueInSearchField(AmazonOrderPlace.java:69)
	at Tests.AmazonOrderPlaceTest.test_AddMultipleItemsToCart(AmazonOrderPlaceTest.java:68)
Caused by: org.openqa.selenium.NoSuchWindowException: Window not found. The browser window may have been closed.
Build info: version: &apos;2.53.0&apos;, revision: &apos;35ae25b&apos;, time: &apos;2016-03-15 17:00:58&apos;
System info: host: &apos;PRINHYLTPAP0932.local&apos;, ip: &apos;172.16.53.197&apos;, os.name: &apos;Mac OS X&apos;, os.arch: &apos;x86_64&apos;, os.version: &apos;10.11.3&apos;, java.version: &apos;1.7.0_79&apos;
Driver info: driver.version: unknown
	at &lt;anonymous class&gt;.nsCommandProcessor.prototype.execute(file:///var/folders/_f/fhgxvx4s4hl57vf322nk69qm0000gp/T/anonymous7076445954344643490webdriver-profile/extensions/fxdriver@googlecode.com/components/command-processor.js:12715)
	at &lt;anonymous class&gt;.Dispatcher.executeAs/&lt;(file:///var/folders/_f/fhgxvx4s4hl57vf322nk69qm0000gp/T/anonymous7076445954344643490webdriver-profile/extensions/fxdriver@googlecode.com/components/driver-component.js:9558)
	at &lt;anonymous class&gt;.Resource.prototype.handle(file:///var/folders/_f/fhgxvx4s4hl57vf322nk69qm0000gp/T/anonymous7076445954344643490webdriver-profile/extensions/fxdriver@googlecode.com/components/driver-component.js:9705)
	at &lt;anonymous class&gt;.Dispatcher.prototype.dispatch(file:///var/folders/_f/fhgxvx4s4hl57vf322nk69qm0000gp/T/anonymous7076445954344643490webdriver-profile/extensions/fxdriver@googlecode.com/components/driver-component.js:9652)
	at &lt;anonymous class&gt;.WebDriverServer/&lt;.handle(file:///var/folders/_f/fhgxvx4s4hl57vf322nk69qm0000gp/T/anonymous7076445954344643490webdriver-profile/extensions/fxdriver@googlecode.com/components/driver-component.js:12517)
	at &lt;anonymous class&gt;.createHandlerFunc/&lt;(file:///var/folders/_f/fhgxvx4s4hl57vf322nk69qm0000gp/T/anonymous7076445954344643490webdriver-profile/extensions/fxdriver@googlecode.com/components/httpd.js:2054)
	at &lt;anonymous class&gt;.ServerHandler.prototype.handleResponse(file:///var/folders/_f/fhgxvx4s4hl57vf322nk69qm0000gp/T/anonymous7076445954344643490webdriver-profile/extensions/fxdriver@googlecode.com/components/httpd.js:2387)
	at &lt;anonymous class&gt;.Connection.prototype.process(file:///var/folders/_f/fhgxvx4s4hl57vf322nk69qm0000gp/T/anonymous7076445954344643490webdriver-profile/extensions/fxdriver@googlecode.com/components/httpd.js:1223)
	at &lt;anonymous class&gt;.RequestReader.prototype._handleResponse(file:///var/folders/_f/fhgxvx4s4hl57vf322nk69qm0000gp/T/anonymous7076445954344643490webdriver-profile/extensions/fxdriver@googlecode.com/components/httpd.js:1677)
	at &lt;anonymous class&gt;.RequestReader.prototype._processBody(file:///var/folders/_f/fhgxvx4s4hl57vf322nk69qm0000gp/T/anonymous7076445954344643490webdriver-profile/extensions/fxdriver@googlecode.com/components/httpd.js:1525)
	at &lt;anonymous class&gt;.RequestReader.prototype.onInputStreamReady(file:///var/folders/_f/fhgxvx4s4hl57vf322nk69qm0000gp/T/anonymous7076445954344643490webdriver-profile/extensions/fxdriver@googlecode.com/components/httpd.js:1393)
... Removed 29 stack frames</pre></div><a href='#' onClick='toggleBox("stack-trace493119267", this, "Click to show all stack frames", "Click to hide stack frames")'>Click to show all stack frames</a>
<div class='stack-trace' id='stack-trace493119267'><pre>org.openqa.selenium.NoSuchWindowException: Window not found. The browser window may have been closed.
Command duration or timeout: 15 milliseconds
Build info: version: &apos;2.53.0&apos;, revision: &apos;35ae25b&apos;, time: &apos;2016-03-15 17:00:58&apos;
System info: host: &apos;PRINHYLTPAP0932.local&apos;, ip: &apos;172.16.53.197&apos;, os.name: &apos;Mac OS X&apos;, os.arch: &apos;x86_64&apos;, os.version: &apos;10.11.3&apos;, java.version: &apos;1.7.0_79&apos;
*** Element info: {Using=name, value=field-keywords}
Session ID: 6f708749-b9e3-f149-b10a-45237a4f5d5a
Driver info: org.openqa.selenium.firefox.FirefoxDriver
Capabilities [{platform=MAC, acceptSslCerts=true, javascriptEnabled=true, cssSelectorsEnabled=true, databaseEnabled=true, browserName=firefox, handlesAlerts=true, nativeEvents=false, webStorageEnabled=true, rotatable=false, locationContextEnabled=true, applicationCacheEnabled=true, takesScreenshot=true, version=44.0.2}]
	at sun.reflect.NativeConstructorAccessorImpl.newInstance0(Native Method)
	at sun.reflect.NativeConstructorAccessorImpl.newInstance(NativeConstructorAccessorImpl.java:57)
	at sun.reflect.DelegatingConstructorAccessorImpl.newInstance(DelegatingConstructorAccessorImpl.java:45)
	at java.lang.reflect.Constructor.newInstance(Constructor.java:526)
	at org.openqa.selenium.remote.ErrorHandler.createThrowable(ErrorHandler.java:206)
	at org.openqa.selenium.remote.ErrorHandler.throwIfResponseFailed(ErrorHandler.java:158)
	at org.openqa.selenium.remote.RemoteWebDriver.execute(RemoteWebDriver.java:678)
	at org.openqa.selenium.remote.RemoteWebDriver.findElement(RemoteWebDriver.java:363)
	at org.openqa.selenium.remote.RemoteWebDriver.findElementByName(RemoteWebDriver.java:461)
	at org.openqa.selenium.By$ByName.findElement(By.java:303)
	at org.openqa.selenium.remote.RemoteWebDriver.findElement(RemoteWebDriver.java:355)
	at locators.AmazonOrderPlace.clearValueInSearchField(AmazonOrderPlace.java:69)
	at Tests.AmazonOrderPlaceTest.test_AddMultipleItemsToCart(AmazonOrderPlaceTest.java:68)
	at sun.reflect.NativeMethodAccessorImpl.invoke0(Native Method)
	at sun.reflect.NativeMethodAccessorImpl.invoke(NativeMethodAccessorImpl.java:57)
	at sun.reflect.DelegatingMethodAccessorImpl.invoke(DelegatingMethodAccessorImpl.java:43)
	at java.lang.reflect.Method.invoke(Method.java:606)
	at org.testng.internal.MethodInvocationHelper.invokeMethod(MethodInvocationHelper.java:86)
	at org.testng.internal.Invoker.invokeMethod(Invoker.java:646)
	at org.testng.internal.Invoker.invokeTestMethod(Invoker.java:823)
	at org.testng.internal.Invoker.invokeTestMethods(Invoker.java:1131)
	at org.testng.internal.TestMethodWorker.invokeTestMethods(TestMethodWorker.java:129)
	at org.testng.internal.TestMethodWorker.run(TestMethodWorker.java:112)
	at org.testng.TestRunner.privateRun(TestRunner.java:778)
	at org.testng.TestRunner.run(TestRunner.java:632)
	at org.testng.SuiteRunner.runTest(SuiteRunner.java:366)
	at org.testng.SuiteRunner.runSequentially(SuiteRunner.java:361)
	at org.testng.SuiteRunner.privateRun(SuiteRunner.java:319)
	at org.testng.SuiteRunner.run(SuiteRunner.java:268)
	at org.testng.SuiteRunnerWorker.runSuite(SuiteRunnerWorker.java:52)
	at org.testng.SuiteRunnerWorker.run(SuiteRunnerWorker.java:86)
	at org.testng.TestNG.runSuitesSequentially(TestNG.java:1225)
	at org.testng.TestNG.runSuitesLocally(TestNG.java:1150)
	at org.testng.TestNG.runSuites(TestNG.java:1075)
	at org.testng.TestNG.run(TestNG.java:1047)
	at org.testng.remote.AbstractRemoteTestNG.run(AbstractRemoteTestNG.java:126)
	at org.testng.remote.RemoteTestNG.initAndRun(RemoteTestNG.java:137)
	at org.testng.remote.RemoteTestNG.main(RemoteTestNG.java:58)
Caused by: org.openqa.selenium.NoSuchWindowException: Window not found. The browser window may have been closed.
Build info: version: &apos;2.53.0&apos;, revision: &apos;35ae25b&apos;, time: &apos;2016-03-15 17:00:58&apos;
System info: host: &apos;PRINHYLTPAP0932.local&apos;, ip: &apos;172.16.53.197&apos;, os.name: &apos;Mac OS X&apos;, os.arch: &apos;x86_64&apos;, os.version: &apos;10.11.3&apos;, java.version: &apos;1.7.0_79&apos;
Driver info: driver.version: unknown
	at &lt;anonymous class&gt;.nsCommandProcessor.prototype.execute(file:///var/folders/_f/fhgxvx4s4hl57vf322nk69qm0000gp/T/anonymous7076445954344643490webdriver-profile/extensions/fxdriver@googlecode.com/components/command-processor.js:12715)
	at &lt;anonymous class&gt;.Dispatcher.executeAs/&lt;(file:///var/folders/_f/fhgxvx4s4hl57vf322nk69qm0000gp/T/anonymous7076445954344643490webdriver-profile/extensions/fxdriver@googlecode.com/components/driver-component.js:9558)
	at &lt;anonymous class&gt;.Resource.prototype.handle(file:///var/folders/_f/fhgxvx4s4hl57vf322nk69qm0000gp/T/anonymous7076445954344643490webdriver-profile/extensions/fxdriver@googlecode.com/components/driver-component.js:9705)
	at &lt;anonymous class&gt;.Dispatcher.prototype.dispatch(file:///var/folders/_f/fhgxvx4s4hl57vf322nk69qm0000gp/T/anonymous7076445954344643490webdriver-profile/extensions/fxdriver@googlecode.com/components/driver-component.js:9652)
	at &lt;anonymous class&gt;.WebDriverServer/&lt;.handle(file:///var/folders/_f/fhgxvx4s4hl57vf322nk69qm0000gp/T/anonymous7076445954344643490webdriver-profile/extensions/fxdriver@googlecode.com/components/driver-component.js:12517)
	at &lt;anonymous class&gt;.createHandlerFunc/&lt;(file:///var/folders/_f/fhgxvx4s4hl57vf322nk69qm0000gp/T/anonymous7076445954344643490webdriver-profile/extensions/fxdriver@googlecode.com/components/httpd.js:2054)
	at &lt;anonymous class&gt;.ServerHandler.prototype.handleResponse(file:///var/folders/_f/fhgxvx4s4hl57vf322nk69qm0000gp/T/anonymous7076445954344643490webdriver-profile/extensions/fxdriver@googlecode.com/components/httpd.js:2387)
	at &lt;anonymous class&gt;.Connection.prototype.process(file:///var/folders/_f/fhgxvx4s4hl57vf322nk69qm0000gp/T/anonymous7076445954344643490webdriver-profile/extensions/fxdriver@googlecode.com/components/httpd.js:1223)
	at &lt;anonymous class&gt;.RequestReader.prototype._handleResponse(file:///var/folders/_f/fhgxvx4s4hl57vf322nk69qm0000gp/T/anonymous7076445954344643490webdriver-profile/extensions/fxdriver@googlecode.com/components/httpd.js:1677)
	at &lt;anonymous class&gt;.RequestReader.prototype._processBody(file:///var/folders/_f/fhgxvx4s4hl57vf322nk69qm0000gp/T/anonymous7076445954344643490webdriver-profile/extensions/fxdriver@googlecode.com/components/httpd.js:1525)
	at &lt;anonymous class&gt;.RequestReader.prototype.onInputStreamReady(file:///var/folders/_f/fhgxvx4s4hl57vf322nk69qm0000gp/T/anonymous7076445954344643490webdriver-profile/extensions/fxdriver@googlecode.com/components/httpd.js:1393)
</pre></div></td>
<td>0</td>
<td>Tests.AmazonOrderPlaceTest@40b4579a</td></tr>
</table><p>
<table width='100%' border='1' class='invocation-passed'>
<tr><td colspan='4' align='center'><b>PASSED TESTS</b></td></tr>
<tr><td><b>Test method</b></td>
<td width="30%"><b>Exception</b></td>
<td width="10%"><b>Time (seconds)</b></td>
<td><b>Instance</b></td>
</tr>
<tr>
<td title='Tests.AmazonOrderPlaceTest.test_AddSingleItemToCart()'><b>test_AddSingleItemToCart</b><br>Test class: Tests.AmazonOrderPlaceTest</td>
<td></td>
<td>13</td>
<td>Tests.AmazonOrderPlaceTest@40b4579a</td></tr>
</table><p>
</body>
</html>