<?xml version="1.0" encoding="UTF-8"?>
<!-- Generated by org.testng.reporters.JUnitXMLReporter -->
<testsuite hostname="PRINHYLTPAP0932.local" name="Tests" tests="2" failures="0" timestamp="10 May 2016 13:39:34 GMT" time="0.072" errors="0">
  <testcase name="@BeforeTest goToAmazonPage" time="0.0" classname="Tests.AmazonOrderTest">
    <failure type="java.lang.NoClassDefFoundError" message="com/google/common/base/Function">
      <![CDATA[java.lang.NoClassDefFoundError: com/google/common/base/Function
	at Tests.AmazonOrderTest.goToAmazonPage(AmazonOrderTest.java:22)
Caused by: java.lang.ClassNotFoundException: com.google.common.base.Function
	at java.net.URLClassLoader$1.run(URLClassLoader.java:366)
	at java.net.URLClassLoader$1.run(URLClassLoader.java:355)
	at java.security.AccessController.doPrivileged(Native Method)
	at java.net.URLClassLoader.findClass(URLClassLoader.java:354)
	at java.lang.ClassLoader.loadClass(ClassLoader.java:425)
	at sun.misc.Launcher$AppClassLoader.loadClass(Launcher.java:308)
	at java.lang.ClassLoader.loadClass(ClassLoader.java:358)
	... 24 more
... Removed 23 stack frames]]>
    </failure>
  </testcase> <!-- @BeforeTest goToAmazonPage -->
  <testcase name="test_AddSingleItemToCart" time="0.003" classname="Tests.AmazonOrderTest">
    <skipped/>
  </testcase> <!-- test_AddSingleItemToCart -->
  <testcase name="test_AddMultipleItemsToCart" time="0.004" classname="Tests.AmazonOrderTest">
    <skipped/>
  </testcase> <!-- test_AddMultipleItemsToCart -->
</testsuite> <!-- Tests -->
